<?xml version="1.0" encoding="UTF-8"?>
<!-- Generated by org.testng.reporters.JUnitXMLReporter -->
<testsuite hostname="DESKTOP-I9EH401" ignored="0" name="Default test(failed)" tests="5" failures="0" timestamp="03 Dec 2021 08:43:40 GMT" time="0.105" errors="0">
  <testcase name="@BeforeMethod crossbrowsers1" time="0.0" classname="Various_Browsers.Groups">
    <failure type="org.testng.TestNGException" message="
Parameter &amp;apos;browser&amp;apos; is required by BeforeMethod on method crossbrowsers1 but has not been marked @Optional or defined
in E:\selenium_softwares\selenium_programmes\Cross_Browser2_Testing\test-output\testng-failed.xml">
      <![CDATA[org.testng.TestNGException: 
Parameter 'browser' is required by BeforeMethod on method crossbrowsers1 but has not been marked @Optional or defined
in E:\selenium_softwares\selenium_programmes\Cross_Browser2_Testing\test-output\testng-failed.xml
... Removed 25 stack frames]]>
    </failure>
  </testcase> <!-- @BeforeMethod crossbrowsers1 -->
  <testcase name="@BeforeMethod crossbrowsers1" time="0.0" classname="Various_Browsers.Groups">
    <skipped/>
  </testcase> <!-- @BeforeMethod crossbrowsers1 -->
  <testcase name="@BeforeMethod crossbrowsers1" time="0.0" classname="Various_Browsers.Groups">
    <skipped/>
  </testcase> <!-- @BeforeMethod crossbrowsers1 -->
  <testcase name="@BeforeMethod crossbrowsers1" time="0.0" classname="Various_Browsers.Groups">
    <skipped/>
  </testcase> <!-- @BeforeMethod crossbrowsers1 -->
  <testcase name="@BeforeMethod crossbrowsers1" time="0.0" classname="Various_Browsers.Groups">
    <skipped/>
  </testcase> <!-- @BeforeMethod crossbrowsers1 -->
  <testcase name="first_four" time="0.0" classname="Various_Browsers.Groups">
    <skipped/>
  </testcase> <!-- first_four -->
  <testcase name="first_step" time="0.0" classname="Various_Browsers.Groups">
    <skipped/>
  </testcase> <!-- first_step -->
  <testcase name="first_five" time="0.0" classname="Various_Browsers.Groups">
    <skipped/>
  </testcase> <!-- first_five -->
  <testcase name="first_two" time="0.0" classname="Various_Browsers.Groups">
    <skipped/>
  </testcase> <!-- first_two -->
  <testcase name="first_three" time="0.0" classname="Various_Browsers.Groups">
    <skipped/>
  </testcase> <!-- first_three -->
</testsuite> <!-- Default test(failed) -->
