<?xml version="1.0" encoding="UTF-8"?>
<!-- Generated by org.testng.reporters.JUnitReportReporter -->
<testsuite skipped="5" hostname="DESKTOP-I9EH401" name="Various_Browsers.Chrome_Test" tests="6" failures="0" timestamp="02 Dec 2021 14:13:20 GMT" time="0.000" errors="1">
  <testcase name="first_three" time="0.000" classname="Various_Browsers.Chrome_Test">
    <skipped/>
  </testcase> <!-- first_three -->
  <testcase name="first_five" time="0.000" classname="Various_Browsers.Chrome_Test">
    <skipped/>
  </testcase> <!-- first_five -->
  <testcase name="crossbrowsers1" time="0.000" classname="Various_Browsers.Chrome_Test">
    <error type="org.testng.TestNGException" message="
Can inject only one of &lt;ITestContext, XmlTest, Method, Object[], ITestResult&gt; into a @BeforeMethod annotated crossbrowsers1.
For more information on native dependency injection please refer to http://testng.org/doc/documentation-main.html#native-dependency-injection">
      <![CDATA[org.testng.TestNGException: 
Can inject only one of <ITestContext, XmlTest, Method, Object[], ITestResult> into a @BeforeMethod annotated crossbrowsers1.
For more information on native dependency injection please refer to http://testng.org/doc/documentation-main.html#native-dependency-injection
at org.testng.internal.Parameters.checkParameterTypes(Parameters.java:407)
at org.testng.internal.Parameters.createParametersForMethod(Parameters.java:356)
at org.testng.internal.Parameters.createParameters(Parameters.java:620)
at org.testng.internal.Parameters.createConfigurationParameters(Parameters.java:190)
at org.testng.internal.Invoker.invokeConfigurations(Invoker.java:209)
at org.testng.internal.Invoker.invokeMethod(Invoker.java:523)
at org.testng.internal.Invoker.invokeTestMethod(Invoker.java:719)
at org.testng.internal.Invoker.invokeTestMethods(Invoker.java:989)
at org.testng.internal.TestMethodWorker.invokeTestMethods(TestMethodWorker.java:125)
at org.testng.internal.TestMethodWorker.run(TestMethodWorker.java:109)
at org.testng.TestRunner.privateRun(TestRunner.java:648)
at org.testng.TestRunner.run(TestRunner.java:505)
at org.testng.SuiteRunner.runTest(SuiteRunner.java:455)
at org.testng.SuiteRunner.access$000(SuiteRunner.java:40)
at org.testng.SuiteRunner$SuiteWorker.run(SuiteRunner.java:489)
at org.testng.internal.thread.ThreadUtil$1.call(ThreadUtil.java:52)
at java.util.concurrent.FutureTask.run(Unknown Source)
at java.util.concurrent.ThreadPoolExecutor.runWorker(Unknown Source)
at java.util.concurrent.ThreadPoolExecutor$Worker.run(Unknown Source)
at java.lang.Thread.run(Unknown Source)
]]>
    </error>
  </testcase> <!-- crossbrowsers1 -->
  <testcase name="first_step" time="0.000" classname="Various_Browsers.Chrome_Test">
    <skipped/>
  </testcase> <!-- first_step -->
  <testcase name="first_two" time="0.000" classname="Various_Browsers.Chrome_Test">
    <skipped/>
  </testcase> <!-- first_two -->
  <testcase name="first_four" time="0.000" classname="Various_Browsers.Chrome_Test">
    <skipped/>
  </testcase> <!-- first_four -->
</testsuite> <!-- Various_Browsers.Chrome_Test -->
